# Iteration 1 Log

## Metadata

- **Task ID**: bd-3hv.1
- **Task Title**: Deep study of source material
- **Description**: ## Objective
Exhaustively study and understand the source material described below.
Your goal is to build a deep mental model of WHAT the system does and
WHY — not to copy or paraphrase the source. Yo...
- **Status**: interrupted
- **Task Completed**: No
- **Promise Detected**: No
- **Started At**: 2026-03-02T22:13:46.635Z
- **Ended At**: 2026-03-02T22:14:23.824Z
- **Duration**: 37s
- **Agent**: opencode
- **Epic**: bd-3hv
- **Sandbox Mode**: auto
- **Sandbox Network**: Enabled
--- RAW OUTPUT ---
I'll systematically study the super-ralph CLI codebase by launching parallel sub-agents to research different subsystems concurrently.
[94m[todowrite][0m
First, let me read the supporting files while launching sub-agents:
[94m[read][0m
[94m[read][0m
[94m[read][0m
[94m[read][0m
